<!DOCTYPE html>



<html lang="en" itemscope="" itemtype="http://schema.org/QAPage">

<!-- Mirrored from c.programmingpedia.net/en/knowledge-base/18872796/configure--error--c-compiler-cannot-create-executables-when-installing-ruby-1-9-3 by HTTrack Website Copier/3.x [XR&CO'2014], Sat, 16 Jan 2021 10:16:50 GMT -->
<!-- Added by HTTrack --><meta http-equiv="content-type" content="text/html;charset=utf-8" /><!-- /Added by HTTrack -->
<head>
    <meta charset="utf-8">
    <meta name="viewport" content="width=device-width, initial-scale=1, shrink-to-fit=no">
        <!-- webmaster tools -->
        <meta name="google-site-verification" content="" />
        <!-- Open Graph Tags -->
        <meta name="title" property="og:title" content="[SOLVED] configure: error: C compiler cannot create executables when installing Ruby 1.9.3 | C Language Knowledge Base">
        <meta name="description" property="og:description" content="[SOLVED] configure: error: C compiler cannot create executables when installing Ruby 1.9.3 | C Language Knowledge Base">
        <title>[SOLVED] configure: error: C compiler cannot create executables when installing Ruby 1.9.3 | C Language Knowledge Base</title>

    

    <!-- Bootstrap CSS -->
    <link rel="stylesheet" href="https://stackpath.bootstrapcdn.com/bootstrap/4.4.1/css/bootstrap.min.css" integrity="sha384-Vkoo8x4CGsO3+Hhxv8T/Q5PaXtkKtu6ug5TOeNV6gBiFeWPGFN9MuhOf23Q9Ifjh" crossorigin="anonymous">
    
        <style>
            body{margin:0;}img{max-width:100%;}ul{margin-top:0;margin-bottom:1rem;}.list-inline{padding-left:0;list-style:none;}.list-inline-item{display:inline-block;}.list-inline-item:not(:last-child){margin-right:.5rem;}.site-header{display:flex;height:60px;}.site-main,.site-footer{display:flex;}.col-aside-left-and-sidebar .col-aside-left,.col-sidebar,.col-content,.col-aside-right{position:relative;}.site-header .col-aside-left-and-sidebar-inner,.site-header .col-aside-right-inner,.site-header .col-content-inner{height:60px;}.site-header .col-aside-left-and-sidebar-inner,.site-header .col-aside-right-inner{position:fixed;z-index:1;}.site-main .col-aside-left-inner,.site-main .col-sidebar-inner,.site-main .col-aside-right-inner{height:calc(100vh - 60px);position:fixed;}.site-main .col-sidebar-overflow{height:calc(100vh - 60px);position:relative;overflow-x:hidden;overflow-y:auto;}.col-aside-left-and-sidebar,.col-aside-left-and-sidebar-inner{width:calc(50% - 450px);}.col-aside-left,.col-aside-left-inner{width:calc(50% - 750px);}.col-sidebar,.col-sidebar-inner{width:300px;}.col-content,.col-content-inner{width:1200px;}.col-aside-right,.col-aside-right-inner{width:calc(50% - 750px);}@media(max-width:1869px){.col-aside-left-and-sidebar,.col-aside-left-and-sidebar-inner{width:calc(50% - 500px);}.col-aside-left,.col-aside-left-inner{display:none;}.col-sidebar,.col-sidebar-inner{width:calc(50% - 500px);}.col-content,.col-content-inner{width:1000px;}.col-aside-right,.col-aside-right-inner{width:calc(50% - 500px);}}@media(max-width:1549px){.col-aside-left-and-sidebar,.col-aside-left-and-sidebar-inner{width:calc(50% - 400px);}.col-sidebar,.col-sidebar-inner{width:calc(50% - 400px);}.col-content,.col-content-inner{width:800px;}.col-aside-right,.col-aside-right-inner{width:calc(50% - 400px);}}@media(max-width:1229px){.col-aside-left-and-sidebar,.col-aside-left-and-sidebar-inner{width:300px;}.col-sidebar,.col-sidebar-inner{width:300px;}.col-content{width:calc(100% - 300px);}.col-content-inner{width:100%;}.col-aside-right,.col-aside-right-inner{display:none;}}@media(max-width:1000px){.col-aside-left-and-sidebar,.col-aside-left-and-sidebar-inner{width:250px;}.col-sidebar,.col-sidebar-inner{width:250px;}.col-content{width:calc(100% - 250px);}}@media(max-width:767px){.col-aside-left-and-sidebar,.col-aside-left-and-sidebar-inner{display:none;}.col-sidebar,.col-sidebar-inner{display:none;}.col-content{width:100%;}.site-main{display:initial;}.site-main .col-sidebar,.site-main .col-sidebar-inner{display:initial;width:100%;position:relative;}.site-main .col-sidebar-overflow{height:calc(30vh);}}.site-header .col-aside-left-and-sidebar-inner,.site-header .col-aside-right-inner,.site-header .col-content-inner{box-shadow:rgba(116,129,141,.1) 0 3px 8px 0;border-bottom:1px solid #d4dadf;}.site-header .col-aside-left-and-sidebar-inner,.site-header .col-aside-right-inner,.site-main .col-aside-left-inner,.site-main .col-sidebar-inner,.site-main .col-aside-right-inner{background:#f5f7f9 none repeat scroll 0% 0%;}.site-header .col-aside-left-and-sidebar-inner,.site-main .col-sidebar-inner{border-right:1px solid #e6ecf1;}.site-header .col-aside-right,.site-main .col-aside-right{border-left:1px solid #e6ecf1;}.brand{font-size:24px;font-weight:bold;height:100%;text-align:right;margin-right:20px;margin-top:10px;}
        </style>
    <link rel="stylesheet" type="text/css" href="../../../styles/master.min0e4d.css?v=todo">
    <!-- to fix/move? -->
    

    
    
    <!-- Global site tag (gtag.js) - Google Analytics -->
    <script async src="https://www.googletagmanager.com/gtag/js?id=UA-55584370-32"></script>
    <script>
        window.dataLayer = window.dataLayer || [];
        function gtag(){dataLayer.push(arguments);}
        gtag('js', new Date());

        gtag('config', 'UA-131737769-1');
    </script>


</head>
<body>


<div class="site-header">
    <div class="col-aside-left-and-sidebar">
        <div class="col-aside-left-and-sidebar-inner">
            <div class="brand">
                <i class="fas fa-yin-yang" style="color: #0056b3;"></i>&nbsp;
                C Language Pedia
            </div>
        </div>
    </div>
    <div class="col-content">
        <div class="col-content-inner">
<div>
    <ul class="list-inline">
        <li class="list-inline-item"><a href="../../../index.html">Tutorial</a></li>
            <li class="list-inline-item"><a href="../../knowledge-base.html">Knowledge-Base</a></li>

            <li class="list-inline-item"><a href="../../awesome-learning/book.html">Awesome</a></li>
    </ul>
</div>

<style>
    .site-header .col-content .list-inline {
        padding-left: 20px;
        padding-top: 15px;

        font-weight: bold;
    }
</style>
        </div>
    </div>
    <div class="col-aside-right">
        <div class="col-aside-right-inner">
            
        </div>
    </div>
</div>
<div class="site-main">
    <div class="col-aside-left">
        <div class="col-aside-left-inner">
            
        </div>
    </div>
    <div class="col-sidebar">
        <div class="col-sidebar-inner">

            <div class="col-sidebar-overflow">
                
            </div>

        </div>
    </div>
    <div class="col-content">
        <div class="col-content-inner">
            


<div id="knowledge-base" class="kb-details">
    <div class="row">
        <div class="col-lg-1 col-xl-1">
        </div>
        <div class="col-lg-9 col-xl-9" itemprop="mainEntity" itemscope itemtype="http://schema.org/Question">
            <div class="container-h1">
                <h1 itemprop="name" id="configure-error-c-compiler-cannot-create-executables-when-installing-ruby-1-9-3">configure: error: C compiler cannot create executables when installing Ruby 1.9.3</h1>
                <div class="tag-list">
                        <span class="tag-item"><a href="../tag/c.html">c</a></span>
                        <span class="tag-item"><a href="../tag/gcc.html">gcc</a></span>
                        <span class="tag-item"><a href="../tag/linux.html">linux</a></span>
                        <span class="tag-item"><a href="../tag/ruby.html">ruby</a></span>
                        <span class="tag-item"><a href="../tag/ruby-on-rails-3.html">ruby-on-rails-3</a></span>
                </div>
            </div>
            <br>
            <div class="search-results-container">
                <div class="row">
                    <div class="col-sm-6">
                        <div class="block-question">
                            <div class="container-question">
                                <i class="fab fa-stack-overflow" style="font-size: 32px; position: absolute; left: -15px; top: -15px;"></i>
                                <h3 id="question">Question</h3>
                                <div itemprop="text">
                                    <p>I get the following error while trying to install Ruby 1.9.3 on Trisquel 6 using the following command <code>rvm install 1.9.3</code></p>

<p><strong>ERROR</strong></p>

<pre>
Error running './configure
--prefix=/home/joshua/.rvm/rubies/ruby-1.9.3-p448 --disable-install-doc --enable-shared', please read /home/joshua/.rvm/log/1379507772_ruby-1.9.3-p448/configure.log There
has been an error while running configure. Halting the installation.
</pre>

<p><strong>My configure.log is shown pasted below</strong></p>

<pre>
[2013-09-18 20:36:16] ./configure current path:
/home/joshua/.rvm/src/ruby-1.9.3-p448 command(4): ./configure --prefix=/home/joshua/.rvm/rubies/ruby-1.9.3-p448 --disable-install-doc --enable-shared
checking build system type... i686-pc-linux-gnu checking host system type... i686-pc-linux-gnu
checking target system type... i686-pc-linux-gnu
checking for gcc...gcc
checking whether the C compiler works... no
configure: error: in `/home/joshua/.rvm/src/ruby-1.9.3-p448': configure: error: C compiler cannot create executables See `config.log' for more details
</pre>

<p><strong>config.log file</strong></p>

<pre><code>This file contains any messages produced by compilers while running configure, to aid debugging if configure makes a mistake.

It was created by configure, which was generated by GNU Autoconf 2.69. Invocation command line was

  $ ./configure --prefix=/home/joshua/.rvm/rubies/ruby-1.9.3-p448
--with-gcc=clang --disable-install-doc --enable-shared

## --------- ##
## Platform. ##
## --------- ##

hostname = trisquel6 uname -m = i686 uname -r = 3.2.0-52-generic-pae uname -s = Linux uname -v = #0trisquel1 SMP Thu Aug 22 22:04:28 UTC 2013

/usr/bin/uname -p = unknown /bin/uname -X     = unknown

/bin/arch              = unknown /usr/bin/arch -k       = unknown /usr/convex/getsysinfo = unknown /usr/bin/hostinfo      = unknown /bin/machine           = unknown /usr/bin/oslevel       = unknown /bin/universe          = unknown

PATH: /usr/local/bin PATH: /usr/bin PATH: /bin PATH: /usr/games PATH: /media/allihave/jdkversions/jdk1.7.0_40/bin PATH: /media/allihave/frameworks/apacheAnt/apache-ant-1.9.2/bin PATH: /media/allihave/frameworks/play/play-2.1.0 PATH: /media/allihave/frameworks/scala-2.10.0/bin PATH: /media/allihave/frameworks/clojure/dev/bin PATH: /opt/lampp/bin PATH: /media/allihave/bashincludes PATH: /media/allihave/bashincludes/google_appengine PATH: /home/joshua/.rvm/bin


## ----------- ##
## Core tests. ##
## ----------- ##

configure:2799: checking build system type configure:2813: result: i686-pc-linux-gnu configure:2881: checking host system type configure:2894: result: i686-pc-linux-gnu configure:2914: checking target system type configure:2927: result: i686-pc-linux-gnu configure:3408: checking for C compiler version configure:3417: clang
--version &gt;&amp;5 Ubuntu clang version 3.0-6ubuntu3 (tags/RELEASE_30/final) (based on LLVM 3.0) Target: i386-pc-linux-gnu Thread model: posix configure:3428: $? = 0 configure:3417: clang -v
&gt;&amp;5 Ubuntu clang version 3.0-6ubuntu3 (tags/RELEASE_30/final) (based on LLVM 3.0) Target: i386-pc-linux-gnu Thread model: posix configure:3428: $? = 0 configure:3417: clang -V &gt;&amp;5 clang: error: argument to '-V' is missing (expected 1 value) clang: error: no input files configure:3428: $? = 1 configure:3417: clang -qversion &gt;&amp;5 clang: error: no input files configure:3428: $? = 1 configure:3448: checking whether the C compiler works configure:3470: clang    conftest.c  &gt;&amp;5 configure:3474: $? = 0 configure:3522: result: yes configure:3525: checking for C compiler default output file name configure:3527: result: a.out configure:3533: checking for suffix of executables configure:3540: clang -o conftest    conftest.c  &gt;&amp;5 configure:3544: $? = 0 configure:3566: result:  configure:3588: checking whether we are cross compiling configure:3596: clang -o conftest    conftest.c  &gt;&amp;5 configure:3600: $? = 0 configure:3607: ./conftest configure:3611: $? = 0 configure:3626: result: no configure:3631: checking for suffix of object files configure:3653: clang -c   conftest.c &gt;&amp;5 configure:3657: $? = 0 configure:3678: result: o configure:3682: checking whether we are using the GNU C compiler configure:3701: clang -c   conftest.c &gt;&amp;5 configure:3701: $?
= 0 configure:3710: result: yes configure:3719: checking whether clang accepts -g configure:3739: clang -c -g  conftest.c &gt;&amp;5 configure:3739: $? = 0 configure:3780: result: yes configure:3797: checking for clang option to accept ISO C89 configure:3860: clang  -c -g -O2  conftest.c
&gt;&amp;5 configure:3860: $? = 0 configure:3873: result: none needed configure:3951: checking for g++ configure:3967: found /usr/bin/g++ configure:3978: result: g++ configure:4005: checking for C++ compiler version configure:4014: g++ --version &gt;&amp;5 g++ (Ubuntu/Linaro
4.6.3-1ubuntu5) 4.6.3 Copyright (C) 2011 Free Software Foundation, Inc. This is free software; see the source for copying conditions.  There is NO warranty; not even for MERCHANTABILITY or FITNESS FOR A PARTICULAR PURPOSE.

configure:4025: $? = 0 configure:4014: g++ -v &gt;&amp;5 Using built-in specs. COLLECT_GCC=g++ COLLECT_LTO_WRAPPER=/usr/lib/gcc/i686-linux-gnu/4.6/lto-wrapper Target: i686-linux-gnu Configured with: ../src/configure -v
--with-pkgversion='Ubuntu/Linaro 4.6.3-1ubuntu5' --with-bugurl=file:///usr/share/doc/gcc-4.6/README.Bugs --enable-languages=c,c++,fortran,objc,obj-c++ --prefix=/usr --program-suffix=-4.6 --enable-shared --enable-linker-build-id --with-system-zlib --libexecdir=/usr/lib --without-included-gettext --enable-threads=posix --with-gxx-include-dir=/usr/include/c++/4.6 --libdir=/usr/lib --enable-nls --with-sysroot=/ --enable-clocale=gnu --enable-libstdcxx-debug --enable-libstdcxx-time=yes --enable-gnu-unique-object --enable-plugin --enable-objc-gc --enable-targets=all --disable-werror --with-arch-32=i686 --with-tune=generic --enable-checking=release --build=i686-linux-gnu --host=i686-linux-gnu --target=i686-linux-gnu Thread model: posix gcc version 4.6.3 (Ubuntu/Linaro 4.6.3-1ubuntu5)  configure:4025: $? = 0 configure:4014: g++ -V &gt;&amp;5 g++: error: unrecognized option '-V' g++: fatal error: no input files compilation terminated. configure:4025: $?
= 4 configure:4014: g++ -qversion &gt;&amp;5 g++: error: unrecognized option '-qversion' g++: fatal error: no input files compilation terminated. configure:4025: $? = 4 configure:4029: checking whether we are using the GNU C++ compiler configure:4048: g++ -c   conftest.cpp &gt;&amp;5 configure:4048: $? = 0 configure:4057: result: yes configure:4066: checking whether g++ accepts -g configure:4086: g++ -c -g  conftest.cpp &gt;&amp;5 configure:4086: $? = 0 configure:4127: result: yes configure:4156: checking how to run the C preprocessor configure:4187: clang -E  conftest.c configure:4187: $? = 0 configure:4201: clang -E  conftest.c conftest.c:10:10: fatal error: 'ac_nonexistent.h' file not found
#include &lt;ac_nonexistent.h&gt;
         ^ 1 error generated. configure:4201: $? = 1 configure: failed program was: | /* confdefs.h */ | #define PACKAGE_NAME "" | #define PACKAGE_TARNAME "" | #define PACKAGE_VERSION "" | #define PACKAGE_STRING "" | #define PACKAGE_BUGREPORT "" | #define PACKAGE_URL "" | #define CANONICALIZATION_FOR_MATHN 1 | /* end confdefs.h.  */ |
#include &lt;ac_nonexistent.h&gt; configure:4226: result: clang -E configure:4246: clang -E  conftest.c configure:4246: $? = 0 configure:4260: clang -E  conftest.c conftest.c:10:10: fatal error: 'ac_nonexistent.h' file not found
#include &lt;ac_nonexistent.h&gt;
         ^ 1 error generated. configure:4260: $? = 1 configure: failed program was: | /* confdefs.h */ | #define PACKAGE_NAME "" | #define PACKAGE_TARNAME "" | #define PACKAGE_VERSION "" | #define PACKAGE_STRING "" | #define PACKAGE_BUGREPORT "" | #define PACKAGE_URL "" | #define CANONICALIZATION_FOR_MATHN 1 | /* end confdefs.h.  */ |
#include &lt;ac_nonexistent.h&gt; configure:4289: checking for grep that handles long lines and -e configure:4347: result: /bin/grep configure:4352: checking for egrep configure:4414: result: /bin/grep
-E configure:4420: checking whether clang needs -traditional configure:4454: result: no configure:4479: checking whether the linker is GNU ld configure:4491: result: yes configure:4495: checking whether clang -E accepts -o configure:4506: clang -E -o conftest.i conftest.c configure:4506: $? = 0 configure:4515: result: yes configure:4770: checking for ranlib configure:4786: found /usr/local/bin/ranlib configure:4797: result: ranlib configure:4862: checking for ar configure:4878: found /usr/local/bin/ar configure:4889: result: ar configure:5000: checking for as configure:5016: found /usr/local/bin/as configure:5027: result: as configure:5109: checking for objdump configure:5125: found /usr/local/bin/objdump configure:5136: result: objdump configure:5209: checking for objcopy configure:5225: found /usr/local/bin/objcopy configure:5236: result: objcopy configure:5647: checking for nm configure:5663: found /usr/local/bin/nm configure:5674: result: nm configure:5697: checking whether ln -s works configure:5701: result: yes configure:5708: checking whether make sets $(MAKE) configure:5730: result: yes configure:5753: checking for a BSD-compatible install configure:5821: result: /usr/bin/install -c configure:5832: checking for a thread-safe mkdir -p configure:5871: result: /bin/mkdir -p configure:5889: checking for dot configure:5919: result: no configure:5931: checking for doxygen configure:5961: result: no configure:5972: checking for pkg-config configure:5993: found /usr/bin/pkg-config configure:6016: result: pkg-config configure:6026: checking for ANSI C header files configure:6046: clang -c -g -O2  conftest.c &gt;&amp;5 configure:6046: $? = 0 configure:6119: clang -o conftest -g -O2   conftest.c  &gt;&amp;5 configure:6119: $? = 0 configure:6119: ./conftest configure:6119: $? = 0 configure:6130: result: yes configure:6143: checking for sys/types.h configure:6143: clang -c -g -O2  conftest.c &gt;&amp;5 configure:6143: $? = 0 configure:6143: result: yes configure:6143: checking for sys/stat.h configure:6143: clang -c -g -O2  conftest.c &gt;&amp;5 configure:6143: $? = 0 configure:6143: result: yes configure:6143: checking for stdlib.h configure:6143: clang -c -g -O2  conftest.c &gt;&amp;5 configure:6143: $? = 0 configure:6143: result: yes configure:6143: checking for string.h configure:6143: clang -c -g -O2  conftest.c &gt;&amp;5 configure:6143: $? = 0 configure:6143: result: yes configure:6143: checking for memory.h configure:6143: clang -c -g -O2  conftest.c &gt;&amp;5 configure:6143: $? = 0 configure:6143: result: yes configure:6143: checking for strings.h configure:6143: clang -c -g -O2  conftest.c &gt;&amp;5 configure:6143: $? = 0 configure:6143: result: yes configure:6143: checking for inttypes.h configure:6143: clang -c -g -O2  conftest.c &gt;&amp;5 configure:6143: $? = 0 configure:6143: result: yes configure:6143: checking for stdint.h configure:6143: clang -c -g -O2  conftest.c &gt;&amp;5 configure:6143: $? = 0 configure:6143: result: yes configure:6143: checking for unistd.h configure:6143: clang -c -g -O2  conftest.c &gt;&amp;5 configure:6143: $? = 0 configure:6143: result: yes configure:6156: checking minix/config.h usability configure:6156: clang -c -g -O2  conftest.c &gt;&amp;5 conftest.c:53:10: fatal error: 'minix/config.h' file not found
#include &lt;minix/config.h&gt;
         ^ 1 error generated. configure:6156: $? = 1 configure: failed program was: | /* confdefs.h */ | #define PACKAGE_NAME "" | #define PACKAGE_TARNAME "" | #define PACKAGE_VERSION "" | #define PACKAGE_STRING "" | #define PACKAGE_BUGREPORT "" | #define PACKAGE_URL "" | #define CANONICALIZATION_FOR_MATHN 1 | #define STDC_HEADERS 1 |
#define HAVE_SYS_TYPES_H 1 | #define HAVE_SYS_STAT_H 1 | #define HAVE_STDLIB_H 1 | #define HAVE_STRING_H 1 | #define HAVE_MEMORY_H 1 |
#define HAVE_STRINGS_H 1 | #define HAVE_INTTYPES_H 1 | #define HAVE_STDINT_H 1 | #define HAVE_UNISTD_H 1 | /* end confdefs.h.  */ |
#include &lt;stdio.h&gt; | #ifdef HAVE_SYS_TYPES_H | # include &lt;sys/types.h&gt; | #endif | #ifdef HAVE_SYS_STAT_H | # include &lt;sys/stat.h&gt; | #endif |
#ifdef STDC_HEADERS | # include &lt;stdlib.h&gt; | # include &lt;stddef.h&gt; | #else | # ifdef HAVE_STDLIB_H | #  include &lt;stdlib.h&gt; | # endif | #endif | #ifdef HAVE_STRING_H | # if !defined STDC_HEADERS &amp;&amp; defined HAVE_MEMORY_H | #  include &lt;memory.h&gt; | # endif | # include &lt;string.h&gt; | #endif | #ifdef HAVE_STRINGS_H | # include &lt;strings.h&gt; | #endif |
#ifdef HAVE_INTTYPES_H | # include &lt;inttypes.h&gt; | #endif | #ifdef HAVE_STDINT_H | # include &lt;stdint.h&gt; | #endif | #ifdef HAVE_UNISTD_H |
# include &lt;unistd.h&gt; | #endif | #include &lt;minix/config.h&gt; configure:6156: result: no configure:6156: checking minix/config.h presence configure:6156: clang -E  conftest.c conftest.c:20:10: fatal error: 'minix/config.h' file not found
#include &lt;minix/config.h&gt;
         ^ 1 error generated. configure:6156: $? = 1 configure: failed program was: | /* confdefs.h */ | #define PACKAGE_NAME "" | #define PACKAGE_TARNAME "" | #define PACKAGE_VERSION "" | #define PACKAGE_STRING "" | #define PACKAGE_BUGREPORT "" | #define PACKAGE_URL "" | #define CANONICALIZATION_FOR_MATHN 1 | #define STDC_HEADERS 1 |
#define HAVE_SYS_TYPES_H 1 | #define HAVE_SYS_STAT_H 1 | #define HAVE_STDLIB_H 1 | #define HAVE_STRING_H 1 | #define HAVE_MEMORY_H 1 |
#define HAVE_STRINGS_H 1 | #define HAVE_INTTYPES_H 1 | #define HAVE_STDINT_H 1 | #define HAVE_UNISTD_H 1 | /* end confdefs.h.  */ |
#include &lt;minix/config.h&gt; configure:6156: result: no configure:6156: checking for minix/config.h configure:6156: result: no configure:6177: checking whether it is safe to define __EXTENSIONS__ configure:6195: clang -c -g -O2  conftest.c &gt;&amp;5 configure:6195: $? = 0 configure:6202: result: yes configure:6234: checking for cd using physical directory configure:6249: result: cd -P configure:6287: checking whether
-Wno-unused-parameter is accepted configure:6310: clang -c -g -O2  -Wno-unused-parameter  conftest.c &gt;&amp;5 configure:6310: $? = 0 configure:6312: result: yes configure:6287: checking whether
-Wno-parentheses is accepted configure:6310: clang -c -g -O2  -Wno-parentheses  conftest.c &gt;&amp;5 configure:6310: $? = 0 configure:6312: result: yes configure:6287: checking whether
-Wno-long-long is accepted configure:6310: clang -c -g -O2  -Wno-long-long  conftest.c &gt;&amp;5 configure:6310: $? = 0 configure:6312: result: yes configure:6287: checking whether
-Wno-missing-field-initializers is accepted configure:6310: clang -c -g -O2  -Wno-missing-field-initializers  conftest.c &gt;&amp;5 configure:6310: $? = 0 configure:6312: result: yes configure:6287: checking whether -Wpointer-arith is accepted configure:6310: clang -c
-g -O2  -Wpointer-arith  conftest.c &gt;&amp;5 configure:6310: $? = 0 configure:6312: result: yes configure:6287: checking whether
-Wwrite-strings is accepted configure:6310: clang -c -g -O2  -Wwrite-strings  conftest.c &gt;&amp;5 configure:6310: $? = 0 configure:6312: result: yes configure:6287: checking whether
-Wdeclaration-after-statement is accepted configure:6310: clang -c -g -O2  -Wdeclaration-after-statement  conftest.c &gt;&amp;5 configure:6310: $? = 0 configure:6312: result: yes configure:6287: checking whether -Wshorten-64-to-32 is accepted configure:6310: clang -c -g -O2  -Wshorten-64-to-32  conftest.c &gt;&amp;5 configure:6310: $? = 0 configure:6312: result: yes configure:6287: checking whether
-Wimplicit-function-declaration is accepted configure:6310: clang -c -g -O2  -Wimplicit-function-declaration  conftest.c &gt;&amp;5 configure:6310: $? = 0 configure:6312: result: yes configure:6391: checking whether -Wall -Wextra is accepted configure:6414: clang -c -g
-O2  -Wall -Wextra  conftest.c &gt;&amp;5 configure:6414: $? = 0 configure:6416: result: yes configure:6439: checking whether -ggdb is accepted configure:6462: clang -c -g -O2 -Wall -Wextra
-Wno-unused-parameter -Wno-parentheses -Wno-long-long -Wno-missing-field-initializers -Wpointer-arith -Wwrite-strings -Wdeclaration-after-statement -Wshorten-64-to-32 -Wimplicit-function-declaration -ggdb  conftest.c &gt;&amp;5 configure:6462: $? = 0 configure:6464: result: yes configure:6551: clang -c -g -O2  conftest.c &gt;&amp;5 configure:6551: $? = 0 configure:6559: checking whether
-fvisibility=hidden is accepted configure:6582: clang -c -g -O2 -Wall -Wextra -Wno-unused-parameter -Wno-parentheses -Wno-long-long -Wno-missing-field-initializers -Wpointer-arith -Wwrite-strings -Wdeclaration-after-statement -Wshorten-64-to-32 -Wimplicit-function-declaration -fvisibility=hidden  conftest.c &gt;&amp;5 configure:6582: $? = 0 configure:6584: result: yes configure:6731: checking for special C compiler options needed for large files configure:6776: result: no configure:6782: checking for
_FILE_OFFSET_BITS value needed for large files configure:6807: clang -c  -O3 -ggdb    conftest.c &gt;&amp;5 conftest.c:8:23: warning: shift count &gt;= width of type [-Wshift-count-overflow]
</code></pre>

                                </div>

                                <div class="d-flex justify-content-between align-items-center">
                                    <div class="profile-container">
                                        <div class="profile-details-container d-flex align-items-center">
                                            <div class="asker-name" itemprop="author" itemscope itemtype="https://schema.org/Person"><a href="https://stackoverflow.com/users/2018737/josh-uzo" target="_blank"><span itemprop="name">Josh Uzo</span></a></div>
                                        </div>
                                    </div>
                                </div>
                                
                                <div style="display: none">
                                    <div itemprop="answerCount">1</div>
                                    <div itemprop="upvoteCount">8</div>
                                    <div itemprop="dateCreated">9/19/2013 7:47:40 AM</div>
                                </div>
                            </div>
                        </div>
                        
                        <br/>
                    </div>
                    <div class="col-sm-6">
                            <div id="answer-0" class="block-question answer" itemprop="acceptedAnswer" itemscope itemtype="http://schema.org/Answer">
                                <div class="container-question">
                                    <h3 id="accepted-answer">Accepted Answer</h3>
                                    <div itemprop="text">
                                        <p>Logs don't lie! configure.log is what i need to get to the root of the problem. The issue is this:</p>

<blockquote>
  <p>gcc checking whether the C compiler works... no</p>
</blockquote>

<p>The simple answer to this is just </p>

<pre><code>sudo apt-get install clang &amp;&amp; rvm install 1.9.3 --with-gcc=clang
</code></pre>

<p>Works perfectly!</p>

                                    </div>
                                    <div class="d-flex justify-content-between align-items-center">
                                        <div class="profile-container">
                                            <div class="profile-details-container d-flex align-items-center">
                                                    <div class="asker-name" itemprop="author" itemscope itemtype="https://schema.org/Person">
                                                        <a href="https://stackoverflow.com/users/2018737/josh-uzo" target="_blank"><span itemprop="name">Josh Uzo</span></a>
                                                    </div>
                                            </div>
                                        </div>
                                    </div>
                                        <div style="display: none">
                                            <div itemprop="url">https://c.programmingpedia.net/en/knowledge-base/18872796/configure--error--c-compiler-cannot-create-executables-when-installing-ruby-1-9-3#answer-0</div>
                                            <div itemprop="upvoteCount">13</div>
                                            <div itemprop="dateCreated">9/18/2013 1:00:57 PM</div>
                                        </div>
                                </div>
                            </div>
                            <br/>
                            <div id="answer-1" class="block-question second-answer" >
                                <div class="container-question">
                                    <h3 id="popular-answer">Popular Answer</h3>
                                    <div >
                                        <p>I solved it by</p>

<pre><code>ln -s /usr/bin/gcc /usr/bin/gcc-apple-4.2
</code></pre>

                                    </div>
                                    <div class="d-flex justify-content-between align-items-center">
                                        <div class="profile-container">
                                            <div class="profile-details-container d-flex align-items-center">
                                                    <div class="asker-name"><a href="https://stackoverflow.com/users/1835279/hitesh-sharma" target="_blank">Hitesh Sharma</a></div>
                                            </div>
                                        </div>
                                    </div>
                                </div>
                            </div>
                            <br/>
                    </div>
                </div>
                <div class="text-center mt-5 mb-5">
                    <a href="https://stackoverflow.com/questions/18872796" class="btn-only d-inline-block stack-overflow-identity" target="_blank"><i class="fab fa-stack-overflow"></i> View more on Stack Overflow</a>
                </div>
            </div>
            
            <div class="attribution">
                <div>Licensed under: <a href="https://creativecommons.org/licenses/by-sa/3.0/" target="_blank">CC-BY-SA</a> with <a href="https://stackoverflow.blog/2009/06/25/attribution-required/" target="_blank">attribution</a></div>
                <div>Not affiliated with: <a href="https://stackoverflow.com/questions/tagged/dapper" target="_blank">Stack Overflow</a></div>
                
            </div>
        </div>

    </div>
</div>
            
        </div>
    </div>
    <div class="col-aside-right">
        <div class="col-aside-right-inner">
        </div>
    </div>
</div>
<div class="site-footer">
</div>
    
    <a href="#" id="scroll-to-top" class="back-to-top" style="display: inline;">Icon</a>

<!-- Optional JavaScript -->
<!-- jQuery first, then Popper.js, then Bootstrap JS -->
<script src="http://code.jquery.com/jquery-3.4.1.min.js" integrity="sha256-CSXorXvZcTkaix6Yvo6HppcZGetbYMGWSFlBw8HfCJo=" crossorigin="anonymous"></script>
<script src="https://cdn.jsdelivr.net/npm/popper.js@1.16.0/dist/umd/popper.min.js" integrity="sha384-Q6E9RHvbIyZFJoft+2mJbHaEWldlvI9IOYy5n3zV9zzTtmI3UksdQRVvoxMfooAo" crossorigin="anonymous"></script>
<script src="https://stackpath.bootstrapcdn.com/bootstrap/4.4.1/js/bootstrap.min.js" integrity="sha384-wfSDF2E50Y2D1uUdj0O3uMBJnjuUD4Ih7YwaYd1iqfktj0Uod8GCExl3Og8ifwB6" crossorigin="anonymous"></script>

<script>
    $(function() {
        $('a').each(function() {
            var a = new RegExp('/' + window.location.host + '/');
            if (!a.test(this.href)) {
                $(this).attr("target", "_blank");
            }
        });

        $("table").addClass("table table-bordered table-hover table-responsive-sm table-striped");
        $("thead").addClass("thead-dark");

        $('aside a').each(function() {
            if ($(this).attr('href') == '/{{page.permalink}}' ||
                $(this).attr('href') == '{{ site.github.url }}/{{page.permalink}}') {
                $(this).addClass('font-weight-bold');
            }
        });
    });
</script>


</body>

<!-- Mirrored from c.programmingpedia.net/en/knowledge-base/18872796/configure--error--c-compiler-cannot-create-executables-when-installing-ruby-1-9-3 by HTTrack Website Copier/3.x [XR&CO'2014], Sat, 16 Jan 2021 10:16:50 GMT -->
</html>
